2025-12-24 14:46:56,818 - [YEDAN LIFE LOOP] - ============================================================
2025-12-24 14:46:56,819 - [YEDAN LIFE LOOP] - ⚡ [WAKE UP] Starting Business Activity Cycle...
2025-12-24 14:46:56,819 - [YEDAN LIFE LOOP] - ============================================================
2025-12-24 14:46:57,641 - [YEDAN LIFE LOOP] - 🧠 [THINKING] Analyzing market state...
2025-12-24 14:47:17,554 - [YEDAN LIFE LOOP] - 🤖 [EXECUTING] Passing decision to executor...
2025-12-24 14:47:37,419 - [YEDAN LIFE LOOP] - 🛡️ Action aborted by Safety Valve or no action needed.
2025-12-24 14:47:37,423 - [YEDAN LIFE LOOP] - 📊 Safety Stats: {'total_decisions': 1, 'executed': 0, 'blocked_by_safety': 1, 'strategic_holds': 0, 'safety_block_rate': 1.0}
2025-12-24 21:29:13,549 - [YEDAN LIFE LOOP] - 🤖 YEDAN AGI Logic Core Starting...
2025-12-24 21:29:13,551 - [YEDAN LIFE LOOP] - 📅 Time: 2025-12-24T21:29:13.551419
2025-12-24 21:29:13,551 - [YEDAN LIFE LOOP] - 🚀 Running startup sequence...
2025-12-24 21:29:13,551 - [YEDAN LIFE LOOP] - ✅ config.json found.
2025-12-24 21:29:13,551 - [YEDAN LIFE LOOP] - ✅ sales_history.csv found.
2025-12-24 21:29:13,552 - [YEDAN LIFE LOOP] - ✅ marketing_spend.json found.
2025-12-24 21:29:13,552 - [YEDAN LIFE LOOP] - 🏁 Startup sequence complete!
2025-12-24 21:29:13,552 - [YEDAN LIFE LOOP] - 📅 Scheduled: Business cycle every 30 minutes
2025-12-24 21:29:13,552 - [YEDAN LIFE LOOP] - 📅 Scheduled: Evolution review daily at 03:00
2025-12-24 21:29:13,552 - [YEDAN LIFE LOOP] - 📅 Scheduled: Memory consolidation Sunday at 04:00
2025-12-24 21:29:13,552 - [YEDAN LIFE LOOP] - 
2025-12-24 21:29:13,552 - [YEDAN LIFE LOOP] - 🚀 Triggering initial business cycle...
2025-12-24 21:29:13,552 - [YEDAN LIFE LOOP] - ============================================================
2025-12-24 21:29:13,552 - [YEDAN LIFE LOOP] - ⚡ [WAKE UP] Starting Business Activity Cycle...
2025-12-24 21:29:13,552 - [YEDAN LIFE LOOP] - ============================================================
2025-12-24 21:29:15,712 - [YEDAN LIFE LOOP] - 🧠 [THINKING] Analyzing market state...
2025-12-24 21:29:15,741 - [YEDAN LIFE LOOP] - ❌ Business cycle crashed: 'system_identity'
2025-12-24 21:29:15,747 - [YEDAN LIFE LOOP] - 
2025-12-24 21:29:15,747 - [YEDAN LIFE LOOP] - 🔄 Entering life loop. Press Ctrl+C to stop.
2025-12-24 21:29:15,747 - [YEDAN LIFE LOOP] - ============================================================
2025-12-24 21:30:37,320 - [YEDAN LIFE LOOP] - 🤖 YEDAN AGI Logic Core Starting...
2025-12-24 21:30:37,322 - [YEDAN LIFE LOOP] - 📅 Time: 2025-12-24T21:30:37.322185
2025-12-24 21:30:37,322 - [YEDAN LIFE LOOP] - 🚀 Running startup sequence...
2025-12-24 21:30:37,322 - [YEDAN LIFE LOOP] - ✅ config.json found.
2025-12-24 21:30:37,322 - [YEDAN LIFE LOOP] - ✅ sales_history.csv found.
2025-12-24 21:30:37,322 - [YEDAN LIFE LOOP] - ✅ marketing_spend.json found.
2025-12-24 21:30:37,323 - [YEDAN LIFE LOOP] - 🏁 Startup sequence complete!
2025-12-24 21:30:37,323 - [YEDAN LIFE LOOP] - 📅 Scheduled: Business cycle every 30 minutes
2025-12-24 21:30:37,323 - [YEDAN LIFE LOOP] - 📅 Scheduled: Evolution review daily at 03:00
2025-12-24 21:30:37,323 - [YEDAN LIFE LOOP] - 📅 Scheduled: Memory consolidation Sunday at 04:00
2025-12-24 21:30:37,323 - [YEDAN LIFE LOOP] - 
2025-12-24 21:30:37,323 - [YEDAN LIFE LOOP] - 🚀 Triggering initial business cycle...
2025-12-24 21:30:37,323 - [YEDAN LIFE LOOP] - ============================================================
2025-12-24 21:30:37,323 - [YEDAN LIFE LOOP] - ⚡ [WAKE UP] Starting Business Activity Cycle...
2025-12-24 21:30:37,323 - [YEDAN LIFE LOOP] - ============================================================
2025-12-24 21:30:38,106 - [YEDAN LIFE LOOP] - 🧠 [THINKING] Analyzing market state...
2025-12-24 21:31:01,484 - [YEDAN LIFE LOOP] - 🤖 [EXECUTING] Passing decision to executor...
2025-12-24 21:31:16,937 - [YEDAN LIFE LOOP] - 🛡️ Action aborted by Safety Valve or no action needed.
2025-12-24 21:31:16,939 - [YEDAN LIFE LOOP] - 📊 Safety Stats: {'total_decisions': 1, 'executed': 0, 'blocked_by_safety': 1, 'strategic_holds': 0, 'safety_block_rate': 1.0}
2025-12-24 21:31:16,941 - [YEDAN LIFE LOOP] - 
2025-12-24 21:31:16,941 - [YEDAN LIFE LOOP] - 🔄 Entering life loop. Press Ctrl+C to stop.
2025-12-24 21:31:16,941 - [YEDAN LIFE LOOP] - ============================================================
2025-12-24 21:54:34,684 - [YEDAN LIFE LOOP] - 🤖 YEDAN AGI Logic Core Starting...
2025-12-24 21:54:34,685 - [YEDAN LIFE LOOP] - 📅 Time: 2025-12-24T21:54:34.685067
2025-12-24 21:54:34,685 - [YEDAN LIFE LOOP] - 🚀 Running startup sequence...
2025-12-24 21:54:34,685 - [YEDAN LIFE LOOP] - ✅ config.json found.
2025-12-24 21:54:34,686 - [YEDAN LIFE LOOP] - ✅ sales_history.csv found.
2025-12-24 21:54:34,686 - [YEDAN LIFE LOOP] - ✅ marketing_spend.json found.
2025-12-24 21:54:34,686 - [YEDAN LIFE LOOP] - 🏁 Startup sequence complete!
2025-12-24 21:54:34,686 - [YEDAN LIFE LOOP] - 📅 Scheduled: Business cycle every 30 minutes
2025-12-24 21:54:34,686 - [YEDAN LIFE LOOP] - 📅 Scheduled: Evolution review daily at 03:00
2025-12-24 21:54:34,686 - [YEDAN LIFE LOOP] - 📅 Scheduled: Memory consolidation Sunday at 04:00
2025-12-24 21:54:34,686 - [YEDAN LIFE LOOP] - 
2025-12-24 21:54:34,686 - [YEDAN LIFE LOOP] - 🚀 Triggering initial business cycle...
2025-12-24 21:54:34,686 - [YEDAN LIFE LOOP] - ============================================================
2025-12-24 21:54:34,687 - [YEDAN LIFE LOOP] - ⚡ [WAKE UP] Starting Business Activity Cycle...
2025-12-24 21:54:34,687 - [YEDAN LIFE LOOP] - ============================================================
2025-12-24 21:54:35,662 - [YEDAN LIFE LOOP] - 🧠 [THINKING] Analyzing market state...
2025-12-24 21:54:52,836 - [YEDAN LIFE LOOP] - 🤖 [EXECUTING] Passing decision to executor...
2025-12-24 21:55:09,040 - [YEDAN LIFE LOOP] - ✅ Business cycle completed. Result: True
2025-12-24 21:55:09,040 - [YEDAN LIFE LOOP] - 📊 Safety Stats: {'total_decisions': 1, 'executed': 1, 'blocked_by_safety': 0, 'strategic_holds': 1, 'safety_block_rate': 0.0}
2025-12-24 21:55:09,040 - [YEDAN LIFE LOOP] - 
2025-12-24 21:55:09,040 - [YEDAN LIFE LOOP] - 🔄 Entering life loop. Press Ctrl+C to stop.
2025-12-24 21:55:09,041 - [YEDAN LIFE LOOP] - ============================================================
2025-12-24 21:59:13,684 - [YEDAN LIFE LOOP] - ============================================================
2025-12-24 21:59:13,702 - [YEDAN LIFE LOOP] - ⚡ [WAKE UP] Starting Business Activity Cycle...
2025-12-24 21:59:13,703 - [YEDAN LIFE LOOP] - ============================================================
2025-12-24 21:59:13,726 - [YEDAN LIFE LOOP] - 🧠 [THINKING] Analyzing market state...
2025-12-24 21:59:13,868 - [YEDAN LIFE LOOP] - ❌ Business cycle crashed: 'system_identity'
2025-12-24 22:00:37,844 - [YEDAN LIFE LOOP] - ============================================================
2025-12-24 22:00:37,865 - [YEDAN LIFE LOOP] - ⚡ [WAKE UP] Starting Business Activity Cycle...
2025-12-24 22:00:37,866 - [YEDAN LIFE LOOP] - ============================================================
2025-12-24 22:00:37,887 - [YEDAN LIFE LOOP] - 🧠 [THINKING] Analyzing market state...
2025-12-24 22:00:55,998 - [YEDAN LIFE LOOP] - 🤖 [EXECUTING] Passing decision to executor...
2025-12-24 22:01:11,090 - [YEDAN LIFE LOOP] - 🤖 YEDAN AGI Logic Core Starting...
2025-12-24 22:01:11,090 - [YEDAN LIFE LOOP] - 📅 Time: 2025-12-24T22:01:11.090207
2025-12-24 22:01:11,090 - [YEDAN LIFE LOOP] - 🚀 Running startup sequence...
2025-12-24 22:01:11,090 - [YEDAN LIFE LOOP] - ✅ config.json found.
2025-12-24 22:01:11,091 - [YEDAN LIFE LOOP] - ✅ sales_history.csv found.
2025-12-24 22:01:11,091 - [YEDAN LIFE LOOP] - ✅ marketing_spend.json found.
2025-12-24 22:01:11,091 - [YEDAN LIFE LOOP] - 🏁 Startup sequence complete!
2025-12-24 22:01:11,091 - [YEDAN LIFE LOOP] - 📅 Scheduled: Business cycle every 30 minutes
2025-12-24 22:01:11,091 - [YEDAN LIFE LOOP] - 📅 Scheduled: Evolution review daily at 03:00
2025-12-24 22:01:11,092 - [YEDAN LIFE LOOP] - 📅 Scheduled: Memory consolidation Sunday at 04:00
2025-12-24 22:01:11,092 - [YEDAN LIFE LOOP] - 
2025-12-24 22:01:11,092 - [YEDAN LIFE LOOP] - 🚀 Triggering initial business cycle...
2025-12-24 22:01:11,092 - [YEDAN LIFE LOOP] - ============================================================
2025-12-24 22:01:11,092 - [YEDAN LIFE LOOP] - ⚡ [WAKE UP] Starting Business Activity Cycle...
2025-12-24 22:01:11,092 - [YEDAN LIFE LOOP] - ============================================================
2025-12-24 22:01:12,051 - [YEDAN LIFE LOOP] - 🧠 [ROUTER] Selected System 2 (Slow). Escalating to Brain...
2025-12-24 22:01:12,051 - [YEDAN LIFE LOOP] - 🧠 [THINKING] Analyzing market state...
2025-12-24 22:01:16,264 - [YEDAN LIFE LOOP] - 🛡️ Action aborted by Safety Valve or no action needed.
2025-12-24 22:01:16,266 - [YEDAN LIFE LOOP] - 📊 Safety Stats: {'total_decisions': 1, 'executed': 0, 'blocked_by_safety': 1, 'strategic_holds': 0, 'safety_block_rate': 1.0}
2025-12-24 22:01:34,028 - [YEDAN LIFE LOOP] - 🤖 [EXECUTING] Passing decision to executor...
2025-12-24 22:01:48,938 - [YEDAN LIFE LOOP] - 🛡️ Action aborted by Safety Valve or no action needed.
2025-12-24 22:01:48,938 - [YEDAN LIFE LOOP] - 📊 Safety Stats: {'total_decisions': 1, 'executed': 0, 'blocked_by_safety': 1, 'strategic_holds': 0, 'safety_block_rate': 1.0}
2025-12-24 22:01:48,938 - [YEDAN LIFE LOOP] - 
2025-12-24 22:01:48,938 - [YEDAN LIFE LOOP] - 🔄 Entering life loop. Press Ctrl+C to stop.
2025-12-24 22:01:48,938 - [YEDAN LIFE LOOP] - ============================================================
2025-12-24 22:24:34,932 - [YEDAN LIFE LOOP] - ============================================================
2025-12-24 22:24:34,947 - [YEDAN LIFE LOOP] - ⚡ [WAKE UP] Starting Business Activity Cycle...
2025-12-24 22:24:34,948 - [YEDAN LIFE LOOP] - ============================================================
2025-12-24 22:24:34,963 - [YEDAN LIFE LOOP] - 🧠 [THINKING] Analyzing market state...
2025-12-24 22:24:50,820 - [YEDAN LIFE LOOP] - 🤖 [EXECUTING] Passing decision to executor...
2025-12-24 22:25:06,464 - [YEDAN LIFE LOOP] - 🛡️ Action aborted by Safety Valve or no action needed.
2025-12-24 22:25:06,465 - [YEDAN LIFE LOOP] - 📊 Safety Stats: {'total_decisions': 1, 'executed': 0, 'blocked_by_safety': 1, 'strategic_holds': 0, 'safety_block_rate': 1.0}
2025-12-24 22:29:14,733 - [YEDAN LIFE LOOP] - ============================================================
2025-12-24 22:29:14,738 - [YEDAN LIFE LOOP] - ⚡ [WAKE UP] Starting Business Activity Cycle...
2025-12-24 22:29:14,738 - [YEDAN LIFE LOOP] - ============================================================
2025-12-24 22:29:14,745 - [YEDAN LIFE LOOP] - 🧠 [THINKING] Analyzing market state...
2025-12-24 22:29:14,788 - [YEDAN LIFE LOOP] - ❌ Business cycle crashed: 'system_identity'
2025-12-24 22:31:11,786 - [YEDAN LIFE LOOP] - ============================================================
2025-12-24 22:31:11,794 - [YEDAN LIFE LOOP] - ⚡ [WAKE UP] Starting Business Activity Cycle...
2025-12-24 22:31:11,795 - [YEDAN LIFE LOOP] - ============================================================
2025-12-24 22:31:11,813 - [YEDAN LIFE LOOP] - 🧠 [ROUTER] Selected System 2 (Slow). Escalating to Brain...
2025-12-24 22:31:11,815 - [YEDAN LIFE LOOP] - 🧠 [THINKING] Analyzing market state...
2025-12-24 22:31:17,145 - [YEDAN LIFE LOOP] - ============================================================
2025-12-24 22:31:17,150 - [YEDAN LIFE LOOP] - ⚡ [WAKE UP] Starting Business Activity Cycle...
2025-12-24 22:31:17,152 - [YEDAN LIFE LOOP] - ============================================================
2025-12-24 22:31:17,158 - [YEDAN LIFE LOOP] - 🧠 [THINKING] Analyzing market state...
2025-12-24 22:31:26,351 - [YEDAN LIFE LOOP] - 🤖 [EXECUTING] Passing decision to executor...
2025-12-24 22:31:31,994 - [YEDAN LIFE LOOP] - 🤖 [EXECUTING] Passing decision to executor...
2025-12-24 22:31:42,727 - [YEDAN LIFE LOOP] - 🛡️ Action aborted by Safety Valve or no action needed.
2025-12-24 22:31:42,729 - [YEDAN LIFE LOOP] - 📊 Safety Stats: {'total_decisions': 1, 'executed': 0, 'blocked_by_safety': 1, 'strategic_holds': 0, 'safety_block_rate': 1.0}
2025-12-24 22:31:46,899 - [YEDAN LIFE LOOP] - 🛡️ Action aborted by Safety Valve or no action needed.
2025-12-24 22:31:46,900 - [YEDAN LIFE LOOP] - 📊 Safety Stats: {'total_decisions': 1, 'executed': 0, 'blocked_by_safety': 1, 'strategic_holds': 0, 'safety_block_rate': 1.0}
2025-12-24 22:40:38,952 - [YEDAN LIFE LOOP] - ============================================================
2025-12-24 22:40:38,953 - [YEDAN LIFE LOOP] - 🧬 [EVOLUTION] Starting RSI Self-Improvement Cycle...
2025-12-24 22:40:38,953 - [YEDAN LIFE LOOP] - ============================================================
2025-12-24 22:40:39,733 - [YEDAN LIFE LOOP] - 📊 Evaluating performance (ROAS-aware)...
2025-12-24 22:40:39,753 - [YEDAN LIFE LOOP] -    Health Score: -100.0
2025-12-24 22:40:39,754 - [YEDAN LIFE LOOP] -    ROAS: 0.0x
2025-12-24 22:40:39,754 - [YEDAN LIFE LOOP] -    Alerts: ['CRITICAL_BURN']
2025-12-24 22:40:39,754 - [YEDAN LIFE LOOP] - 📉 Performance below target. Initiating mutation...
2025-12-24 22:55:07,227 - [YEDAN LIFE LOOP] - ============================================================
2025-12-24 22:55:07,237 - [YEDAN LIFE LOOP] - ⚡ [WAKE UP] Starting Business Activity Cycle...
2025-12-24 22:55:07,237 - [YEDAN LIFE LOOP] - ============================================================
2025-12-24 22:55:07,243 - [YEDAN LIFE LOOP] - 🧠 [THINKING] Analyzing market state...
2025-12-24 22:55:21,828 - [YEDAN LIFE LOOP] - 🤖 [EXECUTING] Passing decision to executor...
2025-12-24 22:55:35,480 - [YEDAN LIFE LOOP] - 🛡️ Action aborted by Safety Valve or no action needed.
2025-12-24 22:55:35,482 - [YEDAN LIFE LOOP] - 📊 Safety Stats: {'total_decisions': 1, 'executed': 0, 'blocked_by_safety': 1, 'strategic_holds': 0, 'safety_block_rate': 1.0}
2025-12-24 22:57:18,978 - [YEDAN LIFE LOOP] - 🤖 YEDAN AGI Logic Core Starting...
2025-12-24 22:57:18,979 - [YEDAN LIFE LOOP] - 📅 Time: 2025-12-24T22:57:18.979203
2025-12-24 22:57:18,979 - [YEDAN LIFE LOOP] - 🚀 Running startup sequence...
2025-12-24 22:57:18,979 - [YEDAN LIFE LOOP] - ✅ config.json found.
2025-12-24 22:57:18,979 - [YEDAN LIFE LOOP] - ✅ sales_history.csv found.
2025-12-24 22:57:18,980 - [YEDAN LIFE LOOP] - ✅ marketing_spend.json found.
2025-12-24 22:57:18,980 - [YEDAN LIFE LOOP] - 🏁 Startup sequence complete!
2025-12-24 22:57:18,980 - [YEDAN LIFE LOOP] - 📅 Scheduled: Business cycle every 30 minutes
2025-12-24 22:57:18,980 - [YEDAN LIFE LOOP] - 📅 Scheduled: Evolution review daily at 03:00
2025-12-24 22:57:18,980 - [YEDAN LIFE LOOP] - 📅 Scheduled: Memory consolidation Sunday at 04:00
2025-12-24 22:57:18,981 - [YEDAN LIFE LOOP] - 
2025-12-24 22:57:18,981 - [YEDAN LIFE LOOP] - 🚀 Triggering initial business cycle...
2025-12-24 22:57:18,981 - [YEDAN LIFE LOOP] - ============================================================
2025-12-24 22:57:18,981 - [YEDAN LIFE LOOP] - ⚡ [WAKE UP] Starting Business Activity Cycle...
2025-12-24 22:57:18,982 - [YEDAN LIFE LOOP] - ============================================================
2025-12-24 22:57:19,954 - [YEDAN LIFE LOOP] - 🧠 [ROUTER] Selected System 2 (Slow). Escalating to Brain...
2025-12-24 22:57:19,954 - [YEDAN LIFE LOOP] - 🧠 [THINKING] Analyzing market state...
2025-12-24 22:57:38,519 - [YEDAN LIFE LOOP] - 🤖 [EXECUTING] Passing decision to executor...
2025-12-24 22:57:53,354 - [YEDAN LIFE LOOP] - 🛡️ Action aborted by Safety Valve or no action needed.
2025-12-24 22:57:53,355 - [YEDAN LIFE LOOP] - 📊 Safety Stats: {'total_decisions': 1, 'executed': 0, 'blocked_by_safety': 0, 'strategic_holds': 0, 'safety_block_rate': 0.0}
2025-12-24 22:57:53,355 - [YEDAN LIFE LOOP] - 
2025-12-24 22:57:53,355 - [YEDAN LIFE LOOP] - 🔄 Entering life loop. Press Ctrl+C to stop.
2025-12-24 22:57:53,355 - [YEDAN LIFE LOOP] - ============================================================
2025-12-24 22:59:15,540 - [YEDAN LIFE LOOP] - ============================================================
2025-12-24 22:59:15,559 - [YEDAN LIFE LOOP] - ⚡ [WAKE UP] Starting Business Activity Cycle...
2025-12-24 22:59:15,564 - [YEDAN LIFE LOOP] - ============================================================
2025-12-24 22:59:15,584 - [YEDAN LIFE LOOP] - 🧠 [THINKING] Analyzing market state...
2025-12-24 22:59:15,731 - [YEDAN LIFE LOOP] - ❌ Business cycle crashed: 'system_identity'
2025-12-24 23:01:43,478 - [YEDAN LIFE LOOP] - ============================================================
2025-12-24 23:01:43,485 - [YEDAN LIFE LOOP] - ⚡ [WAKE UP] Starting Business Activity Cycle...
2025-12-24 23:01:43,485 - [YEDAN LIFE LOOP] - ============================================================
2025-12-24 23:01:43,495 - [YEDAN LIFE LOOP] - 🧠 [ROUTER] Selected System 2 (Slow). Escalating to Brain...
2025-12-24 23:01:43,496 - [YEDAN LIFE LOOP] - 🧠 [THINKING] Analyzing market state...
2025-12-24 23:01:47,630 - [YEDAN LIFE LOOP] - ============================================================
2025-12-24 23:01:47,635 - [YEDAN LIFE LOOP] - ⚡ [WAKE UP] Starting Business Activity Cycle...
2025-12-24 23:01:47,635 - [YEDAN LIFE LOOP] - ============================================================
2025-12-24 23:01:47,644 - [YEDAN LIFE LOOP] - 🧠 [THINKING] Analyzing market state...
2025-12-24 23:01:58,243 - [YEDAN LIFE LOOP] - 🤖 [EXECUTING] Passing decision to executor...
2025-12-24 23:02:02,434 - [YEDAN LIFE LOOP] - 🤖 [EXECUTING] Passing decision to executor...
2025-12-24 23:02:14,096 - [YEDAN LIFE LOOP] - ✅ Business cycle completed. Result: True
2025-12-24 23:02:14,097 - [YEDAN LIFE LOOP] - 📊 Safety Stats: {'total_decisions': 1, 'executed': 1, 'blocked_by_safety': 0, 'strategic_holds': 1, 'safety_block_rate': 0.0}
2025-12-24 23:02:16,459 - [YEDAN LIFE LOOP] - ✅ Business cycle completed. Result: True
2025-12-24 23:02:16,460 - [YEDAN LIFE LOOP] - 📊 Safety Stats: {'total_decisions': 1, 'executed': 1, 'blocked_by_safety': 0, 'strategic_holds': 1, 'safety_block_rate': 0.0}
2025-12-24 23:25:36,232 - [YEDAN LIFE LOOP] - ============================================================
2025-12-24 23:25:36,241 - [YEDAN LIFE LOOP] - ⚡ [WAKE UP] Starting Business Activity Cycle...
2025-12-24 23:25:36,242 - [YEDAN LIFE LOOP] - ============================================================
2025-12-24 23:25:36,252 - [YEDAN LIFE LOOP] - 🧠 [THINKING] Analyzing market state...
2025-12-24 23:25:52,156 - [YEDAN LIFE LOOP] - 🤖 [EXECUTING] Passing decision to executor...
2025-12-24 23:26:08,944 - [YEDAN LIFE LOOP] - 🛡️ Action aborted by Safety Valve or no action needed.
2025-12-24 23:26:08,950 - [YEDAN LIFE LOOP] - 📊 Safety Stats: {'total_decisions': 1, 'executed': 0, 'blocked_by_safety': 1, 'strategic_holds': 0, 'safety_block_rate': 1.0}
2025-12-24 23:27:19,121 - [YEDAN LIFE LOOP] - ============================================================
2025-12-24 23:27:19,257 - [YEDAN LIFE LOOP] - ⚡ [WAKE UP] Starting Business Activity Cycle...
2025-12-24 23:27:19,262 - [YEDAN LIFE LOOP] - ============================================================
2025-12-24 23:27:19,280 - [YEDAN LIFE LOOP] - 🧠 [ROUTER] Selected System 2 (Slow). Escalating to Brain...
2025-12-24 23:27:19,284 - [YEDAN LIFE LOOP] - 🧠 [THINKING] Analyzing market state...
2025-12-24 23:27:38,107 - [YEDAN LIFE LOOP] - 🤖 [EXECUTING] Passing decision to executor...
2025-12-24 23:27:54,346 - [YEDAN LIFE LOOP] - 🛡️ Action aborted by Safety Valve or no action needed.
2025-12-24 23:27:54,349 - [YEDAN LIFE LOOP] - 📊 Safety Stats: {'total_decisions': 1, 'executed': 0, 'blocked_by_safety': 0, 'strategic_holds': 0, 'safety_block_rate': 0.0}
2025-12-24 23:29:16,543 - [YEDAN LIFE LOOP] - ============================================================
2025-12-24 23:29:16,613 - [YEDAN LIFE LOOP] - ⚡ [WAKE UP] Starting Business Activity Cycle...
2025-12-24 23:29:16,615 - [YEDAN LIFE LOOP] - ============================================================
2025-12-24 23:29:16,618 - [YEDAN LIFE LOOP] - 🧠 [THINKING] Analyzing market state...
2025-12-24 23:29:16,648 - [YEDAN LIFE LOOP] - ❌ Business cycle crashed: 'system_identity'
2025-12-24 23:29:33,706 - [YEDAN LIFE LOOP] - 🤖 YEDAN AGI Logic Core Starting...
2025-12-24 23:29:33,707 - [YEDAN LIFE LOOP] - 📅 Time: 2025-12-24T23:29:33.707553
2025-12-24 23:29:33,708 - [YEDAN LIFE LOOP] - 🚀 Running startup sequence...
2025-12-24 23:29:33,709 - [YEDAN LIFE LOOP] - ✅ config.json found.
2025-12-24 23:29:33,710 - [YEDAN LIFE LOOP] - ✅ sales_history.csv found.
2025-12-24 23:29:33,711 - [YEDAN LIFE LOOP] - ✅ marketing_spend.json found.
2025-12-24 23:29:33,712 - [YEDAN LIFE LOOP] - 🏁 Startup sequence complete!
2025-12-24 23:29:33,713 - [YEDAN LIFE LOOP] - 📅 Scheduled: Business cycle every 10 minutes (Turbo)
2025-12-24 23:29:33,714 - [YEDAN LIFE LOOP] - 📅 Scheduled: Evolution review every 1 hour (Turbo)
2025-12-24 23:29:33,715 - [YEDAN LIFE LOOP] - 📅 Scheduled: Memory consolidation Sunday at 04:00
2025-12-24 23:29:33,717 - [YEDAN LIFE LOOP] - 
2025-12-24 23:29:33,718 - [YEDAN LIFE LOOP] - 🚀 Triggering initial business cycle...
2025-12-24 23:29:33,718 - [YEDAN LIFE LOOP] - ============================================================
2025-12-24 23:29:33,719 - [YEDAN LIFE LOOP] - ⚡ [WAKE UP] Starting Business Activity Cycle...
2025-12-24 23:29:33,719 - [YEDAN LIFE LOOP] - ============================================================
2025-12-24 23:29:34,457 - [YEDAN LIFE LOOP] - 🧠 [ROUTER] Selected System 2 (Slow). Escalating to Brain...
2025-12-24 23:29:34,457 - [YEDAN LIFE LOOP] - 🧠 [THINKING] Analyzing market state...
2025-12-24 23:29:52,379 - [YEDAN LIFE LOOP] - 🤖 [EXECUTING] Passing decision to executor...
2025-12-24 23:30:08,084 - [YEDAN LIFE LOOP] - 🛡️ Action aborted by Safety Valve or no action needed.
2025-12-24 23:30:08,086 - [YEDAN LIFE LOOP] - 📊 Safety Stats: {'total_decisions': 1, 'executed': 0, 'blocked_by_safety': 1, 'strategic_holds': 0, 'safety_block_rate': 1.0}
2025-12-24 23:30:08,086 - [YEDAN LIFE LOOP] - 
2025-12-24 23:30:08,087 - [YEDAN LIFE LOOP] - 🔄 Entering life loop. Press Ctrl+C to stop.
2025-12-24 23:30:08,088 - [YEDAN LIFE LOOP] - ============================================================
2025-12-24 23:30:49,553 - [YEDAN LIFE LOOP] - ============================================================
2025-12-24 23:30:49,554 - [YEDAN LIFE LOOP] - 🧬 [EVOLUTION] Starting RSI Self-Improvement Cycle...
2025-12-24 23:30:49,554 - [YEDAN LIFE LOOP] - ============================================================
2025-12-24 23:30:50,514 - [YEDAN LIFE LOOP] - 📊 Evaluating performance (ROAS-aware)...
2025-12-24 23:30:50,543 - [YEDAN LIFE LOOP] -    Health Score: -100.0
2025-12-24 23:30:50,544 - [YEDAN LIFE LOOP] -    ROAS: 0.0x
2025-12-24 23:30:50,544 - [YEDAN LIFE LOOP] -    Alerts: ['CRITICAL_BURN']
2025-12-24 23:30:50,544 - [YEDAN LIFE LOOP] - 📉 Performance below target. Initiating mutation...
2025-12-24 23:32:14,965 - [YEDAN LIFE LOOP] - ============================================================
2025-12-24 23:32:15,069 - [YEDAN LIFE LOOP] - ⚡ [WAKE UP] Starting Business Activity Cycle...
2025-12-24 23:32:15,071 - [YEDAN LIFE LOOP] - ============================================================
2025-12-24 23:32:15,078 - [YEDAN LIFE LOOP] - 🧠 [ROUTER] Selected System 2 (Slow). Escalating to Brain...
2025-12-24 23:32:15,079 - [YEDAN LIFE LOOP] - 🧠 [THINKING] Analyzing market state...
2025-12-24 23:32:17,230 - [YEDAN LIFE LOOP] - ============================================================
2025-12-24 23:32:17,321 - [YEDAN LIFE LOOP] - ⚡ [WAKE UP] Starting Business Activity Cycle...
2025-12-24 23:32:17,322 - [YEDAN LIFE LOOP] - ============================================================
2025-12-24 23:32:17,328 - [YEDAN LIFE LOOP] - 🧠 [THINKING] Analyzing market state...
2025-12-24 23:32:29,737 - [YEDAN LIFE LOOP] - 🤖 [EXECUTING] Passing decision to executor...
2025-12-24 23:32:29,791 - [YEDAN LIFE LOOP] - 🤖 [EXECUTING] Passing decision to executor...
2025-12-24 23:32:43,216 - [YEDAN LIFE LOOP] - 🛡️ Action aborted by Safety Valve or no action needed.
2025-12-24 23:32:43,218 - [YEDAN LIFE LOOP] - 📊 Safety Stats: {'total_decisions': 1, 'executed': 0, 'blocked_by_safety': 1, 'strategic_holds': 0, 'safety_block_rate': 1.0}
2025-12-24 23:32:44,757 - [YEDAN LIFE LOOP] - ✅ Business cycle completed. Result: True
2025-12-24 23:32:44,758 - [YEDAN LIFE LOOP] - 📊 Safety Stats: {'total_decisions': 1, 'executed': 1, 'blocked_by_safety': 0, 'strategic_holds': 1, 'safety_block_rate': 0.0}
2025-12-24 23:39:34,340 - [YEDAN LIFE LOOP] - ============================================================
2025-12-24 23:39:34,341 - [YEDAN LIFE LOOP] - ⚡ [WAKE UP] Starting Business Activity Cycle...
2025-12-24 23:39:34,342 - [YEDAN LIFE LOOP] - ============================================================
2025-12-24 23:39:34,344 - [YEDAN LIFE LOOP] - 🧠 [ROUTER] Selected System 2 (Slow). Escalating to Brain...
2025-12-24 23:39:34,344 - [YEDAN LIFE LOOP] - 🧠 [THINKING] Analyzing market state...
2025-12-24 23:39:51,345 - [YEDAN LIFE LOOP] - 🤖 [EXECUTING] Passing decision to executor...
2025-12-24 23:40:06,613 - [YEDAN LIFE LOOP] - 🛡️ Action aborted by Safety Valve or no action needed.
2025-12-24 23:40:06,614 - [YEDAN LIFE LOOP] - 📊 Safety Stats: {'total_decisions': 1, 'executed': 0, 'blocked_by_safety': 0, 'strategic_holds': 0, 'safety_block_rate': 0.0}
2025-12-24 23:50:06,943 - [YEDAN LIFE LOOP] - ============================================================
2025-12-24 23:50:06,950 - [YEDAN LIFE LOOP] - ⚡ [WAKE UP] Starting Business Activity Cycle...
2025-12-24 23:50:06,951 - [YEDAN LIFE LOOP] - ============================================================
2025-12-24 23:50:06,961 - [YEDAN LIFE LOOP] - 🧠 [ROUTER] Selected System 2 (Slow). Escalating to Brain...
2025-12-24 23:50:06,962 - [YEDAN LIFE LOOP] - 🧠 [THINKING] Analyzing market state...
2025-12-24 23:50:20,222 - [YEDAN LIFE LOOP] - 🤖 [EXECUTING] Passing decision to executor...
2025-12-24 23:50:33,397 - [YEDAN LIFE LOOP] - 🛡️ Action aborted by Safety Valve or no action needed.
2025-12-24 23:50:33,397 - [YEDAN LIFE LOOP] - 📊 Safety Stats: {'total_decisions': 1, 'executed': 0, 'blocked_by_safety': 0, 'strategic_holds': 0, 'safety_block_rate': 0.0}
2025-12-24 23:56:09,859 - [YEDAN LIFE LOOP] - ============================================================
2025-12-24 23:56:09,889 - [YEDAN LIFE LOOP] - ⚡ [WAKE UP] Starting Business Activity Cycle...
2025-12-24 23:56:09,894 - [YEDAN LIFE LOOP] - ============================================================
2025-12-24 23:56:09,904 - [YEDAN LIFE LOOP] - 🧠 [THINKING] Analyzing market state...
2025-12-24 23:56:28,328 - [YEDAN LIFE LOOP] - 🤖 [EXECUTING] Passing decision to executor...
2025-12-24 23:56:47,749 - [YEDAN LIFE LOOP] - 🛡️ Action aborted by Safety Valve or no action needed.
2025-12-24 23:56:47,751 - [YEDAN LIFE LOOP] - 📊 Safety Stats: {'total_decisions': 1, 'executed': 0, 'blocked_by_safety': 1, 'strategic_holds': 0, 'safety_block_rate': 1.0}
2025-12-24 23:57:55,280 - [YEDAN LIFE LOOP] - ============================================================
2025-12-24 23:57:55,311 - [YEDAN LIFE LOOP] - ⚡ [WAKE UP] Starting Business Activity Cycle...
2025-12-24 23:57:55,313 - [YEDAN LIFE LOOP] - ============================================================
2025-12-24 23:57:55,323 - [YEDAN LIFE LOOP] - 🧠 [ROUTER] Selected System 2 (Slow). Escalating to Brain...
2025-12-24 23:57:55,327 - [YEDAN LIFE LOOP] - 🧠 [THINKING] Analyzing market state...
2025-12-24 23:58:09,874 - [YEDAN LIFE LOOP] - 🤖 [EXECUTING] Passing decision to executor...
2025-12-24 23:58:25,342 - [YEDAN LIFE LOOP] - ✅ Business cycle completed. Result: True
2025-12-24 23:58:25,344 - [YEDAN LIFE LOOP] - 📊 Safety Stats: {'total_decisions': 1, 'executed': 1, 'blocked_by_safety': 0, 'strategic_holds': 1, 'safety_block_rate': 0.0}
2025-12-24 23:59:16,675 - [YEDAN LIFE LOOP] - ============================================================
2025-12-24 23:59:16,694 - [YEDAN LIFE LOOP] - ⚡ [WAKE UP] Starting Business Activity Cycle...
2025-12-24 23:59:16,696 - [YEDAN LIFE LOOP] - ============================================================
2025-12-24 23:59:16,702 - [YEDAN LIFE LOOP] - 🧠 [THINKING] Analyzing market state...
2025-12-24 23:59:16,738 - [YEDAN LIFE LOOP] - ❌ Business cycle crashed: 'system_identity'
2025-12-25 00:00:33,699 - [YEDAN LIFE LOOP] - ============================================================
2025-12-25 00:00:33,704 - [YEDAN LIFE LOOP] - ⚡ [WAKE UP] Starting Business Activity Cycle...
2025-12-25 00:00:33,704 - [YEDAN LIFE LOOP] - ============================================================
2025-12-25 00:00:33,716 - [YEDAN LIFE LOOP] - 🧠 [ROUTER] Selected System 2 (Slow). Escalating to Brain...
2025-12-25 00:00:33,717 - [YEDAN LIFE LOOP] - 🧠 [THINKING] Analyzing market state...
2025-12-25 00:00:48,739 - [YEDAN LIFE LOOP] - 🤖 [EXECUTING] Passing decision to executor...
2025-12-25 00:01:03,962 - [YEDAN LIFE LOOP] - 🛡️ Action aborted by Safety Valve or no action needed.
2025-12-25 00:01:03,963 - [YEDAN LIFE LOOP] - 📊 Safety Stats: {'total_decisions': 1, 'executed': 0, 'blocked_by_safety': 0, 'strategic_holds': 0, 'safety_block_rate': 0.0}
2025-12-25 00:02:44,124 - [YEDAN LIFE LOOP] - ============================================================
2025-12-25 00:02:44,143 - [YEDAN LIFE LOOP] - ⚡ [WAKE UP] Starting Business Activity Cycle...
2025-12-25 00:02:44,145 - [YEDAN LIFE LOOP] - ============================================================
2025-12-25 00:02:44,153 - [YEDAN LIFE LOOP] - 🧠 [THINKING] Analyzing market state...
2025-12-25 00:02:45,662 - [YEDAN LIFE LOOP] - ============================================================
2025-12-25 00:02:45,679 - [YEDAN LIFE LOOP] - ⚡ [WAKE UP] Starting Business Activity Cycle...
2025-12-25 00:02:45,681 - [YEDAN LIFE LOOP] - ============================================================
2025-12-25 00:02:45,690 - [YEDAN LIFE LOOP] - 🧠 [ROUTER] Selected System 2 (Slow). Escalating to Brain...
2025-12-25 00:02:45,692 - [YEDAN LIFE LOOP] - 🧠 [THINKING] Analyzing market state...
2025-12-25 00:02:59,521 - [YEDAN LIFE LOOP] - 🤖 [EXECUTING] Passing decision to executor...
2025-12-25 00:03:00,902 - [YEDAN LIFE LOOP] - 🤖 [EXECUTING] Passing decision to executor...
2025-12-25 00:03:16,293 - [YEDAN LIFE LOOP] - ✅ Business cycle completed. Result: True
2025-12-25 00:03:16,299 - [YEDAN LIFE LOOP] - 📊 Safety Stats: {'total_decisions': 1, 'executed': 1, 'blocked_by_safety': 0, 'strategic_holds': 1, 'safety_block_rate': 0.0}
2025-12-25 00:03:16,576 - [YEDAN LIFE LOOP] - 🛡️ Action aborted by Safety Valve or no action needed.
2025-12-25 00:03:16,577 - [YEDAN LIFE LOOP] - 📊 Safety Stats: {'total_decisions': 1, 'executed': 0, 'blocked_by_safety': 1, 'strategic_holds': 0, 'safety_block_rate': 1.0}
2025-12-25 00:11:04,235 - [YEDAN LIFE LOOP] - ============================================================
2025-12-25 00:11:04,241 - [YEDAN LIFE LOOP] - ⚡ [WAKE UP] Starting Business Activity Cycle...
2025-12-25 00:11:04,241 - [YEDAN LIFE LOOP] - ============================================================
2025-12-25 00:11:04,249 - [YEDAN LIFE LOOP] - 🧠 [ROUTER] Selected System 2 (Slow). Escalating to Brain...
2025-12-25 00:11:04,250 - [YEDAN LIFE LOOP] - 🧠 [THINKING] Analyzing market state...
2025-12-25 00:11:20,549 - [YEDAN LIFE LOOP] - 🤖 [EXECUTING] Passing decision to executor...
2025-12-25 00:11:37,905 - [YEDAN LIFE LOOP] - 🛡️ Action aborted by Safety Valve or no action needed.
2025-12-25 00:11:37,908 - [YEDAN LIFE LOOP] - 📊 Safety Stats: {'total_decisions': 1, 'executed': 0, 'blocked_by_safety': 0, 'strategic_holds': 0, 'safety_block_rate': 0.0}
2025-12-25 00:21:38,271 - [YEDAN LIFE LOOP] - ============================================================
2025-12-25 00:21:38,279 - [YEDAN LIFE LOOP] - ⚡ [WAKE UP] Starting Business Activity Cycle...
2025-12-25 00:21:38,280 - [YEDAN LIFE LOOP] - ============================================================
2025-12-25 00:21:38,295 - [YEDAN LIFE LOOP] - 🧠 [ROUTER] Selected System 2 (Slow). Escalating to Brain...
2025-12-25 00:21:38,297 - [YEDAN LIFE LOOP] - 🧠 [THINKING] Analyzing market state...
2025-12-25 00:21:54,162 - [YEDAN LIFE LOOP] - 🤖 [EXECUTING] Passing decision to executor...
2025-12-25 00:22:13,890 - [YEDAN LIFE LOOP] - 🛡️ Action aborted by Safety Valve or no action needed.
2025-12-25 00:22:13,893 - [YEDAN LIFE LOOP] - 📊 Safety Stats: {'total_decisions': 1, 'executed': 0, 'blocked_by_safety': 0, 'strategic_holds': 0, 'safety_block_rate': 0.0}
2025-12-25 00:26:48,659 - [YEDAN LIFE LOOP] - ============================================================
2025-12-25 00:26:48,681 - [YEDAN LIFE LOOP] - ⚡ [WAKE UP] Starting Business Activity Cycle...
2025-12-25 00:26:48,683 - [YEDAN LIFE LOOP] - ============================================================
2025-12-25 00:26:48,690 - [YEDAN LIFE LOOP] - 🧠 [THINKING] Analyzing market state...
2025-12-25 00:27:01,655 - [YEDAN LIFE LOOP] - 🤖 [EXECUTING] Passing decision to executor...
2025-12-25 00:27:17,418 - [YEDAN LIFE LOOP] - 🛡️ Action aborted by Safety Valve or no action needed.
2025-12-25 00:27:17,421 - [YEDAN LIFE LOOP] - 📊 Safety Stats: {'total_decisions': 1, 'executed': 0, 'blocked_by_safety': 0, 'strategic_holds': 0, 'safety_block_rate': 0.0}
2025-12-25 00:28:26,261 - [YEDAN LIFE LOOP] - ============================================================
2025-12-25 00:28:26,279 - [YEDAN LIFE LOOP] - ⚡ [WAKE UP] Starting Business Activity Cycle...
2025-12-25 00:28:26,281 - [YEDAN LIFE LOOP] - ============================================================
2025-12-25 00:28:26,291 - [YEDAN LIFE LOOP] - 🧠 [ROUTER] Selected System 2 (Slow). Escalating to Brain...
2025-12-25 00:28:26,292 - [YEDAN LIFE LOOP] - 🧠 [THINKING] Analyzing market state...
2025-12-25 00:28:42,791 - [YEDAN LIFE LOOP] - 🤖 [EXECUTING] Passing decision to executor...
2025-12-25 00:28:56,328 - [YEDAN LIFE LOOP] - ✅ Business cycle completed. Result: True
2025-12-25 00:28:56,330 - [YEDAN LIFE LOOP] - 📊 Safety Stats: {'total_decisions': 1, 'executed': 1, 'blocked_by_safety': 0, 'strategic_holds': 1, 'safety_block_rate': 0.0}
2025-12-25 00:29:17,638 - [YEDAN LIFE LOOP] - ============================================================
2025-12-25 00:29:17,661 - [YEDAN LIFE LOOP] - ⚡ [WAKE UP] Starting Business Activity Cycle...
2025-12-25 00:29:17,662 - [YEDAN LIFE LOOP] - ============================================================
2025-12-25 00:29:17,668 - [YEDAN LIFE LOOP] - 🧠 [THINKING] Analyzing market state...
2025-12-25 00:29:17,707 - [YEDAN LIFE LOOP] - ❌ Business cycle crashed: 'system_identity'
2025-12-25 00:29:34,105 - [YEDAN LIFE LOOP] - ============================================================
2025-12-25 00:29:34,113 - [YEDAN LIFE LOOP] - 🧬 [EVOLUTION] Starting RSI Self-Improvement Cycle...
2025-12-25 00:29:34,115 - [YEDAN LIFE LOOP] - ============================================================
2025-12-25 00:29:34,199 - [YEDAN LIFE LOOP] - 📊 Evaluating performance (ROAS-aware)...
2025-12-25 00:29:34,410 - [YEDAN LIFE LOOP] -    Health Score: -100.0
2025-12-25 00:29:34,411 - [YEDAN LIFE LOOP] -    ROAS: 0.0x
2025-12-25 00:29:34,412 - [YEDAN LIFE LOOP] -    Alerts: ['CRITICAL_BURN']
2025-12-25 00:29:34,412 - [YEDAN LIFE LOOP] - 📉 Performance below target. Initiating mutation...
